I 2019-09-08.11:01:33.981 Beam Wallet 3.1.5765 (mainnet)
I 2019-09-08.11:01:33.981 Rules signature: 0-ed91a717313c6eb0, 321321-6d622e615cfd29d0
I 2019-09-08.11:01:33.981 starting a wallet...
I 2019-09-08.11:01:34.205 wallet sucessfully opened...
D 2019-09-08.11:01:34.208 Async update started!
I 2019-09-08.11:01:34.210 WalletID ab71a580bd3d673cab2688d2e8f405f4b5dff672d10a890d7ead1313ec4014f31f subscribes to BBS channel 171
I 2019-09-08.11:01:34.210 WalletID 11c4ddbf29d179e891c84977bafbc0e46d64640b64c46369e5c8128f620a8e8e50c subscribes to BBS channel 284
I 2019-09-08.11:01:34.210 WalletID 1db3e32e8ed88d5a1dbd56a25cc033c2468760807506ad8fee938107e1b18aefd23 subscribes to BBS channel 475
I 2019-09-08.11:01:34.211 WalletID 7ccfb0a88b255bd87c0ed88752de481f710f3888dfd6414ccb745d354a5c3ad35b subscribes to BBS channel 124
I 2019-09-08.11:01:34.211 WalletID 6ae6857b172fdc146a5b33ee8071e9e7d1b3e62b21556633ab2f3cc61d2431bc4a subscribes to BBS channel 106
I 2019-09-08.11:01:34.211 WalletID 2e8611c938e942106e8b24886e6148c7c19d2c47430f914057122450a4d6845761c subscribes to BBS channel 744
I 2019-09-08.11:01:34.211 WalletID 27f66ae3f496d826e7f3097d20e6253487b91a100079a4ca26bb9686636c27f46c7 subscribes to BBS channel 639
I 2019-09-08.11:01:34.212 WalletID 380e27613b12c46bb80b7090a98438afac546a0ea67562efad6a03d1f04995da3f3 subscribes to BBS channel 896
I 2019-09-08.11:01:34.212 WalletID 27ce3580eef977ef27cab84a0233f84de2eb186dd0fbaa7f1762bcf5c130df37bbb subscribes to BBS channel 636
I 2019-09-08.11:01:34.212 WalletID 35b7f436718ed97175bd92ea01488d786e5bcd3f29c2a2b4b8006141636117cbbab subscribes to BBS channel 859
I 2019-09-08.11:01:34.213 WalletID 1d7f9a7b7c403ee75d70b042105eca8ec1f66b20e5df18bbe1400907061c3a45ada subscribes to BBS channel 471
I 2019-09-08.11:01:34.213 WalletID 15b69e33f6d9f31b55b71353befed2419f0a526bacdde6723fcbb6dd36af5c4b8b2 subscribes to BBS channel 347
I 2019-09-08.11:01:34.213 WalletID 504b800a13b2906450084c0491d92e54e646677449d1975a952702bd229d688935 subscribes to BBS channel 80
I 2019-09-08.11:01:34.214 WalletID 313fa494efd1250af133a0d450dc1c9405ae5ba656af37c296c39dc713ca42c8e46 subscribes to BBS channel 787
I 2019-09-08.11:01:34.214 WalletID 22747f65004f7c7d627339509fb092ff7b6e9f7c45c9e12ea259d7c84cc7f11656e subscribes to BBS channel 551
I 2019-09-08.11:01:34.214 WalletID 35ac3699e2eb974ff5a0f49511828e85ae99565aeefe47b83567c0f06781229ab7c subscribes to BBS channel 858
I 2019-09-08.11:01:34.215 WalletID 2a13524711ddda5c6a16038101f848d94b6b107660049c89c8286342f6fc8eee94b subscribes to BBS channel 673
I 2019-09-08.11:01:34.216 WalletID 3916576e9d806df0391ee0a7e24e1c99ba3cc48dd2444d4627d9b8cef65ca121cdc subscribes to BBS channel 913
I 2019-09-08.11:01:34.216 WalletID d56d7d5399ee42c8d57ea7802b8398941670264f9ee74cc75d5b32ad4d6aa6e89c subscribes to BBS channel 213
I 2019-09-08.11:01:34.216 WalletID 187118e90d44f1059871e0acb8f830a555bae143d803d5fd696fe55b100a42e57b0 subscribes to BBS channel 391
I 2019-09-08.11:01:34.217 WalletID 2f98c64cf2698aef6f9aa4278556ff7b73d30f9cc0139dcdb75195eded8ac17d5b3 subscribes to BBS channel 761
I 2019-09-08.11:01:34.218 WalletID 18e7a9e2b6cfa97658e4ebed179301deb630bd2327abce0238a354fd2bd0aa786e6 subscribes to BBS channel 398
I 2019-09-08.11:01:34.218 WalletID fb6280bf1a6a001cfbbd7600f31a9b383fa766c67c2312a4ec5ade3812718a14d3 subscribes to BBS channel 251
I 2019-09-08.11:01:34.219 WalletID 25e88034dca9eba2e5e10fdee8c734bd35cc128e0d5bfc61ccffb6856520f78b272 subscribes to BBS channel 606
I 2019-09-08.11:01:34.219 WalletID 364f8e7b912c910b3646e2bbce6f3b7ba83a35ecfcb374013e78d918e8ff5a99313 subscribes to BBS channel 868
I 2019-09-08.11:01:34.219 WalletID 1f08dd8ca81ad47edf0b87337fbec7ffd5fe3209f21a9e08920a5efe1c653dd8d09 subscribes to BBS channel 496
I 2019-09-08.11:01:34.220 WalletID df190fa09d4aeb8cdfca7428c9c1fbe22a7482836339855d82870d8d6da58b199f subscribes to BBS channel 223
I 2019-09-08.11:01:34.220 New address generated:

df190fa09d4aeb8cdfca7428c9c1fbe22a7482836339855d82870d8d6da58b199f

I 2019-09-08.11:01:34.222 [877a940644d04b4bbc185950e961ce09] Sending 400000 groth  (fee: 200 groth )
I 2019-09-08.11:01:34.222 [877a940644d04b4bbc185950e961ce09] Max height for response: 356068
I 2019-09-08.11:01:34.276 Tip has not been changed
I 2019-09-08.11:01:34.277 Current state is 355348-16319e016c228c1d
I 2019-09-08.11:01:34.278 [34a171a5271b44f59a1e1e34fd62a9e6][1] Get proof for kernel: 1b187bfef6db58b0
I 2019-09-08.11:01:34.343 Synchronizing with node: 100% (1/1)
I 2019-09-08.11:01:34.343 Current state is 355348-16319e016c228c1d
SendMsg: 0xa98a2604bdb7112e894924de2cb8fcc71f728679da8d56c29e661aae8c6e68a8da2e3cf1f08f90cd67fe11f671a937e2771bffd8a2530f14c091346215edced7a60562e57252401298a81628ca21c5df052b72206949d99cf8bd50726c380abfad2fd8213ff98311e9935a4830e75990c710e2b4aaa3cf6ec6411e1f52b24b1fe20e25a9b1a89439d75cdfcc5e130524432f21f5c767f5a7b19432dcd570ae46aea3fc4c0d72c2085f8dd05cdf44de173f359ad5572e7aa1dffce76d26d91d5aea62822b51ea16b8ab274847edb5311c40fd80d96a20b74d7930ddd2a67e5624afd074a960892b6cc2

D 2019-09-08.11:01:34.355 Async update finished!
D 2019-09-08.11:01:36.022 Async update started!
D 2019-09-08.11:01:36.024 [877a940644d04b4bbc185950e961ce09][1] Received PeerSig:	b83481b234f7dd82
I 2019-09-08.11:01:36.026 [877a940644d04b4bbc185950e961ce09][1] Transaction created. Kernel: 5568a191a6f316da4142cba2134d55f6a3e1bc0ac39fb411deaa90098586d5ee min height: 355348 max height: 355468
D 2019-09-08.11:01:36.084 Async update finished!
D 2019-09-08.11:01:36.115 [877a940644d04b4bbc185950e961ce09][1] register status 1
D 2019-09-08.11:01:36.116 Async update started!
I 2019-09-08.11:01:36.117 [877a940644d04b4bbc185950e961ce09][1] Get proof for kernel: 5568a191a6f316da
D 2019-09-08.11:01:36.117 Async update finished!
I 2019-09-08.11:01:36.135 Synchronizing with node: 100% (1/1)
I 2019-09-08.11:01:36.135 Current state is 355348-16319e016c228c1d
D 2019-09-08.11:01:36.135 Async update started!
D 2019-09-08.11:01:36.135 Async update finished!
